<?xml version="1.0" encoding="UTF-8"?>
<!-- Generated by org.testng.reporters.JUnitReportReporter -->
<testsuite hostname="DESKTOP-9FCKI5I" failures="0" tests="2" name="Scripts.Loginn" time="6.671" errors="0" timestamp="2023-03-11T21:33:58 IST" skipped="0">
  <testcase classname="Scripts.Loginn" name="logout" time="0.997"/>
  <system-out/>
  <testcase classname="Scripts.Loginn" name="login" time="5.674"/>
  <system-out/>
</testsuite> <!-- Scripts.Loginn -->
